<?xml version="1.0" encoding="UTF-8"?>
<testng-results ignored="0" total="1" passed="1" failed="0" skipped="0">
  <reporter-output>
    <line>
      <![CDATA[Browser : chrome]]>
    </line>
    <line>
      <![CDATA[Url : https://www.amazon.com/]]>
    </line>
  </reporter-output>
  <suite started-at="2022-08-02T14:55:11 EDT" name="Amazon Test Suite" finished-at="2022-08-02T14:55:27 EDT" duration-ms="15489">
    <groups>
      <group name="cucumber">
        <method signature="AbstractTestNGCucumberTests.runScenario(io.cucumber.testng.PickleWrapper,io.cucumber.testng.FeatureWrapper)[pri:0, instance:runner.RegressionTestRunner@327bcebd]" name="runScenario" class="io.cucumber.testng.AbstractTestNGCucumberTests"/>
      </group> <!-- cucumber -->
    </groups>
    <test started-at="2022-08-02T14:55:11 EDT" name="Amazon Web Automation" finished-at="2022-08-02T14:55:27 EDT" duration-ms="15489">
      <class name="runner.RegressionTestRunner">
        <test-method is-config="true" signature="setUpClass(org.testng.ITestContext)[pri:0, instance:runner.RegressionTestRunner@327bcebd]" started-at="2022-08-02T14:55:11 EDT" name="setUpClass" finished-at="2022-08-02T14:55:12 EDT" duration-ms="853" status="PASS">
          <params>
            <param index="0">
              <value>
                <![CDATA[org.testng.TestRunner@77a0dd63]]>
              </value>
            </param>
          </params>
          <reporter-output>
          </reporter-output>
        </test-method> <!-- setUpClass -->
        <test-method signature="runScenario(io.cucumber.testng.PickleWrapper,io.cucumber.testng.FeatureWrapper)[pri:0, instance:runner.RegressionTestRunner@327bcebd]" started-at="2022-08-02T14:55:12 EDT" name="runScenario" description="Runs Cucumber Scenarios" data-provider="scenarios" finished-at="2022-08-02T14:55:24 EDT" duration-ms="11594" status="PASS">
          <params>
            <param index="0">
              <value>
                <![CDATA["SearchBox functionality should work with a valid products name"]]>
              </value>
            </param>
            <param index="1">
              <value>
                <![CDATA["SearchBox Functionality"]]>
              </value>
            </param>
          </params>
          <reporter-output>
            <line>
              <![CDATA[Browser : chrome]]>
            </line>
            <line>
              <![CDATA[Url : https://www.amazon.com/]]>
            </line>
          </reporter-output>
        </test-method> <!-- runScenario -->
        <test-method is-config="true" signature="tearDownClass()[pri:0, instance:runner.RegressionTestRunner@327bcebd]" started-at="2022-08-02T14:55:24 EDT" name="tearDownClass" finished-at="2022-08-02T14:55:27 EDT" duration-ms="2972" status="PASS">
          <reporter-output>
          </reporter-output>
        </test-method> <!-- tearDownClass -->
      </class> <!-- runner.RegressionTestRunner -->
    </test> <!-- Amazon Web Automation -->
  </suite> <!-- Amazon Test Suite -->
</testng-results>
